2015-08-24 08:04:49 [DEBUG] [s.m.i.r.i.ItemRuntimeActivator:23   ] - Registered 'item' configuration parser
2015-08-24 08:04:49 [INFO ] [uartz.impl.StdSchedulerFactory:1184 ] - Using default implementation for ThreadExecutor
2015-08-24 08:04:49 [INFO ] [rtz.core.SchedulerSignalerImpl:61   ] - Initialized Scheduler Signaller of type: class org.quartz.core.SchedulerSignalerImpl
2015-08-24 08:04:49 [INFO ] [rg.quartz.core.QuartzScheduler:240  ] - Quartz Scheduler v.2.2.1 created.
2015-08-24 08:04:49 [INFO ] [org.quartz.simpl.RAMJobStore  :155  ] - RAMJobStore initialized.
2015-08-24 08:04:49 [INFO ] [rg.quartz.core.QuartzScheduler:305  ] - Scheduler meta-data: Quartz Scheduler (v2.2.1) 'openHAB-job-scheduler' with instanceId 'NON_CLUSTERED'
  Scheduler class: 'org.quartz.core.QuartzScheduler' - running locally.
  NOT STARTED.
  Currently in standby mode.
  Number of jobs executed: 0
  Using thread pool 'org.quartz.simpl.SimpleThreadPool' - with 2 threads.
  Using job-store 'org.quartz.simpl.RAMJobStore' - which does not support persistence. and is not clustered.

2015-08-24 08:04:49 [INFO ] [uartz.impl.StdSchedulerFactory:1339 ] - Quartz scheduler 'openHAB-job-scheduler' initialized from specified file: './runtime/etc/quartz.properties'
2015-08-24 08:04:49 [INFO ] [uartz.impl.StdSchedulerFactory:1343 ] - Quartz scheduler version: 2.2.1
2015-08-24 08:04:49 [DEBUG] [.i.PersistenceRuntimeActivator:23   ] - Registered 'persistence' configuration parser
2015-08-24 08:04:50 [DEBUG] [s.m.r.r.i.RuleRuntimeActivator:35   ] - Registered 'rule' configuration parser
2015-08-24 08:04:50 [DEBUG] [m.s.r.i.ScriptRuntimeActivator:22   ] - Registered 'script' configuration parser
2015-08-24 08:04:50 [DEBUG] [.s.r.i.SitemapRuntimeActivator:23   ] - Registered 'sitemap' configuration parser
2015-08-24 08:04:50 [DEBUG] [.m.t.r.i.ThingRuntimeActivator:23   ] - Registered 'thing' configuration parser
2015-08-24 08:04:51 [DEBUG] [.core.common.ThreadPoolManager:141  ] - Created scheduled thread pool 'discovery' of size 5
2015-08-24 08:04:51 [DEBUG] [s.c.d.AbstractDiscoveryService:349  ] - Background discovery for discovery service 'org.eclipse.smarthome.binding.yahooweather.discovery.YahooWeatherDiscoveryService' enabled.
2015-08-24 08:04:51 [DEBUG] [.c.d.internal.ConfigDispatcher:222  ] - Processing config file 'services.cfg'
2015-08-24 08:04:51 [DEBUG] [.c.d.internal.ConfigDispatcher:222  ] - Processing config file 'classicui.cfg'
2015-08-24 08:04:51 [DEBUG] [.c.d.internal.ConfigDispatcher:222  ] - Processing config file 'logging.cfg'
2015-08-24 08:04:51 [DEBUG] [.c.d.internal.ConfigDispatcher:222  ] - Processing config file 'runtime.cfg'
2015-08-24 08:04:51 [DEBUG] [.c.d.internal.ConfigDispatcher:222  ] - Processing config file 'anel.cfg'
2015-08-24 08:04:51 [DEBUG] [.s.core.internal.CoreActivator:30   ] - Core bundle has been started.
2015-08-24 08:04:51 [DEBUG] [.core.common.ThreadPoolManager:104  ] - Updated scheduled thread pool 'discovery' to size 3
2015-08-24 08:04:51 [DEBUG] [.e.s.c.a.i.AutoUpdateActivator:29   ] - AutoUpdate binding has been started.
2015-08-24 08:04:51 [DEBUG] [c.x.o.XmlDocumentBundleTracker:107  ] - Reading the XML document '/ESH-INF/binding/binding.xml' in module 'org.eclipse.smarthome.binding.yahooweather'...
2015-08-24 08:04:51 [DEBUG] [c.x.o.XmlDocumentBundleTracker:148  ] - Create an empty XmlDocumentProvider for the module 'org.eclipse.smarthome.binding.yahooweather'.
2015-08-24 08:04:51 [DEBUG] [o.e.s.c.s.i.SchedulerActivator:34   ] - Scheduler has been started.
2015-08-24 08:04:51 [INFO ] [rg.quartz.core.QuartzScheduler:575  ] - Scheduler openHAB-job-scheduler_$_NON_CLUSTERED started.
2015-08-24 08:04:51 [DEBUG] [c.x.o.XmlDocumentBundleTracker:107  ] - Reading the XML document '/ESH-INF/thing/thing-types.xml' in module 'org.eclipse.smarthome.binding.yahooweather'...
2015-08-24 08:04:51 [DEBUG] [.c.t.i.TransformationActivator:34   ] - Transformation Service has been started.
2015-08-24 08:04:52 [DEBUG] [c.x.o.XmlDocumentBundleTracker:148  ] - Create an empty XmlDocumentProvider for the module 'org.eclipse.smarthome.binding.yahooweather'.
2015-08-24 08:04:52 [DEBUG] [.e.s.i.m.i.MultimediaActivator:32   ] - Multimedia I/O bundle has been started.
2015-08-24 08:04:52 [DEBUG] [io.rest.internal.RESTActivator:32   ] - REST API has been started.
2015-08-24 08:04:52 [DEBUG] [.i.r.sse.internal.SseActivator:46   ] - SSE API - SseFeature registered.
2015-08-24 08:04:52 [DEBUG] [.i.r.sse.internal.SseActivator:55   ] - SSE API has been started.
2015-08-24 08:04:52 [DEBUG] [s.i.t.m.internal.MDNSActivator:27   ] - mDNS service has been started.
2015-08-24 08:04:52 [DEBUG] [.i.t.m.internal.MDNSClientImpl:37   ] - mDNS service has been started
2015-08-24 08:04:52 [DEBUG] [i.t.m.internal.MDNSServiceImpl:49   ] - Registering new service _openhab-server._tcp.local. at port 8080
2015-08-24 08:04:52 [DEBUG] [.io.transport.mqtt.MqttService:118  ] - Starting MQTT Service...
2015-08-24 08:04:52 [DEBUG] [.s.s.mapdb.MapDbStorageService:50   ] - Opened MapDB file at '/home/rathgeb/bin/pkgs/eclipse/openhab2-master/git/openhab2/distribution/openhabhome/userdata/mapdb/storage.mapdb'.
2015-08-24 08:04:52 [DEBUG] [.c.c.registry.AbstractRegistry:190  ] - Provider 'org.eclipse.smarthome.core.items.ManagedItemProvider' has been added.
2015-08-24 08:04:52 [DEBUG] [.c.c.registry.AbstractRegistry:190  ] - Provider 'org.eclipse.smarthome.core.thing.ManagedThingProvider' has been added.
2015-08-24 08:04:52 [DEBUG] [.c.thing.internal.ThingManager:549  ] - Thing handler factory 'YahooWeatherHandlerFactory' added
2015-08-24 08:04:52 [DEBUG] [.c.c.registry.AbstractRegistry:190  ] - Provider 'org.eclipse.smarthome.core.thing.link.ManagedItemChannelLinkProvider' has been added.
2015-08-24 08:04:52 [DEBUG] [.c.c.registry.AbstractRegistry:190  ] - Provider 'org.eclipse.smarthome.core.thing.link.ManagedItemThingLinkProvider' has been added.
2015-08-24 08:04:52 [DEBUG] [ui.internal.chart.ChartServlet:122  ] - Starting up chart servlet at /chart
2015-08-24 08:04:53 [DEBUG] [u.i.chart.DefaultChartProvider:97   ] - Starting up default chart provider.
2015-08-24 08:04:53 [DEBUG] [o.e.s.u.c.i.servlet.CmdServlet:56   ] - Starting up CMD servlet at /classicui/CMD
2015-08-24 08:04:53 [DEBUG] [s.ui.icon.internal.IconServlet:70   ] - Starting up icon servlet at /icon
2015-08-24 08:04:53 [INFO ] [ui.internal.servlet.PaperUIApp:31   ] - Started Paper UI at /ui
2015-08-24 08:04:53 [DEBUG] [e.s.i.t.upnp.UpnpIOServiceImpl:152  ] - Starting UPnP IO service...
2015-08-24 08:04:53 [DEBUG] [c.x.o.XmlDocumentBundleTracker:107  ] - Reading the XML document '/ESH-INF/thing/sun.xml' in module 'org.openhab.binding.astro'...
2015-08-24 08:04:53 [DEBUG] [c.x.o.XmlDocumentBundleTracker:148  ] - Create an empty XmlDocumentProvider for the module 'org.openhab.binding.astro'.
2015-08-24 08:04:53 [DEBUG] [c.x.o.XmlDocumentBundleTracker:107  ] - Reading the XML document '/ESH-INF/thing/moon.xml' in module 'org.openhab.binding.astro'...
2015-08-24 08:04:53 [DEBUG] [c.x.o.XmlDocumentBundleTracker:107  ] - Reading the XML document '/ESH-INF/thing/channels.xml' in module 'org.openhab.binding.astro'...
2015-08-24 08:04:53 [DEBUG] [.c.thing.internal.ThingManager:549  ] - Thing handler factory 'AstroHandlerFactory' added
2015-08-24 08:04:53 [DEBUG] [c.x.o.XmlDocumentBundleTracker:107  ] - Reading the XML document '/ESH-INF/config/config.xml' in module 'org.openhab.binding.astro'...
2015-08-24 08:04:53 [DEBUG] [c.x.o.XmlDocumentBundleTracker:148  ] - Create an empty XmlDocumentProvider for the module 'org.openhab.binding.astro'.
2015-08-24 08:04:53 [DEBUG] [c.x.o.XmlDocumentBundleTracker:107  ] - Reading the XML document '/ESH-INF/binding/binding.xml' in module 'org.openhab.binding.astro'...
2015-08-24 08:04:53 [DEBUG] [c.x.o.XmlDocumentBundleTracker:148  ] - Create an empty XmlDocumentProvider for the module 'org.openhab.binding.astro'.
2015-08-24 08:04:53 [INFO ] [.u.d.internal.DashboardService:55   ] - Started dashboard at /start
2015-08-24 08:04:53 [DEBUG] [.c.c.registry.AbstractRegistry:190  ] - Provider 'org.eclipse.smarthome.model.item.internal.GenericItemProvider' has been added.
2015-08-24 08:04:53 [INFO ] [rg.quartz.core.QuartzScheduler:2311 ] - JobFactory set to: org.eclipse.smarthome.model.rule.runtime.internal.engine.GuiceAwareJobFactory@781ace9f
2015-08-24 08:04:53 [DEBUG] [.m.r.r.i.engine.RuleEngineImpl:96   ] - Started rule engine
2015-08-24 08:04:53 [INFO ] [.s.u.c.i.servlet.WebAppServlet:85   ] - Started Classic UI at /classicui/app
2015-08-24 08:04:53 [DEBUG] [e.s.m.t.i.GenericThingProvider:696  ] - ThingHandlerFactory added org.eclipse.smarthome.binding.yahooweather.internal.YahooWeatherHandlerFactory@6d5e8cbe
2015-08-24 08:04:53 [DEBUG] [e.s.m.t.i.GenericThingProvider:696  ] - ThingHandlerFactory added org.openhab.binding.astro.internal.AstroHandlerFactory@6b203d1b
2015-08-24 08:04:53 [DEBUG] [.c.c.registry.AbstractRegistry:190  ] - Provider 'org.eclipse.smarthome.model.thing.internal.GenericThingProvider' has been added.
2015-08-24 08:04:53 [DEBUG] [.c.c.registry.AbstractRegistry:190  ] - Provider 'org.eclipse.smarthome.model.thing.internal.GenericItemChannelLinkProvider' has been added.
2015-08-24 08:04:53 [DEBUG] [ui.internal.proxy.ProxyServlet:94   ] - Starting up proxy servlet at /proxy
2015-08-24 08:04:53 [INFO ] [.o.core.internal.CoreActivator:41   ] - openHAB runtime has been started (v2.0.0, build SNAPSHOT).
2015-08-24 08:04:53 [DEBUG] [.o.core.internal.CoreActivator:47   ] - Startup took 7678 ms
2015-08-24 08:04:53 [INFO ] [.e.s.m.c.i.ModelRepositoryImpl:86   ] - Loading model 'demo.rules'
2015-08-24 08:04:54 [DEBUG] [s.m.r.r.i.e.RuleTriggerManager:491  ] - Scheduled rule Set random room temperatures with cron expression 0 0/5 * * * ?
2015-08-24 08:04:54 [DEBUG] [s.m.r.r.i.e.RuleTriggerManager:491  ] - Scheduled rule Update max and min temperatures with cron expression 0 0 0 * * ?
2015-08-24 08:04:54 [INFO ] [.e.s.m.c.i.ModelRepositoryImpl:86   ] - Loading model 'demo.sitemap'
2015-08-24 08:04:54 [INFO ] [.e.s.m.c.i.ModelRepositoryImpl:86   ] - Loading model 'demo.script'
2015-08-24 08:04:54 [INFO ] [.e.s.m.c.i.ModelRepositoryImpl:86   ] - Loading model 'logging.persist'
2015-08-24 08:04:54 [INFO ] [.e.s.m.c.i.ModelRepositoryImpl:86   ] - Loading model 'rrd4j.persist'
2015-08-24 08:04:54 [INFO ] [.e.s.m.c.i.ModelRepositoryImpl:86   ] - Loading model 'demo.things'
2015-08-24 08:04:54 [DEBUG] [e.s.m.t.i.GenericThingProvider:200  ] - Read things from model 'demo.things'
2015-08-24 08:04:54 [DEBUG] [.c.thing.internal.ThingManager:363  ] - Thing 'yahooweather:weather:berlin' is tracked by ThingManager.
2015-08-24 08:04:54 [DEBUG] [.c.thing.internal.ThingManager:487  ] - Calling registerHandler handler for thing 'yahooweather:weather:berlin' at 'org.eclipse.smarthome.binding.yahooweather.internal.YahooWeatherHandlerFactory@6d5e8cbe'.
2015-08-24 08:04:54 [DEBUG] [.core.common.ThreadPoolManager:171  ] - Created thread pool 'safeCall' with size 3-10
2015-08-24 08:04:54 [DEBUG] [.core.common.ThreadPoolManager:141  ] - Created scheduled thread pool 'thingHandler' of size 3
2015-08-24 08:04:54 [DEBUG] [.e.s.b.y.h.YahooWeatherHandler:62   ] - Initializing YahooWeather handler.
2015-08-24 08:04:54 [DEBUG] [.c.thing.internal.ThingManager:84   ] - Thing handler for thing 'yahooweather:weather:berlin' added.
2015-08-24 08:04:54 [DEBUG] [.c.thing.internal.ThingManager:252  ] - Assigning handler for thing 'yahooweather:weather:berlin'.
2015-08-24 08:04:54 [DEBUG] [.c.thing.internal.ThingManager:363  ] - Thing 'astro:sun:home' is tracked by ThingManager.
2015-08-24 08:04:54 [DEBUG] [.c.thing.internal.ThingManager:487  ] - Calling registerHandler handler for thing 'astro:sun:home' at 'org.openhab.binding.astro.internal.AstroHandlerFactory@6b203d1b'.
2015-08-24 08:04:54 [DEBUG] [.e.s.config.core.Configuration:88   ] - Setting value (String) 52.5200066,13.4049540 to field 'geolocation' in configuration class org.openhab.binding.astro.internal.config.AstroThingConfig
2015-08-24 08:04:54 [DEBUG] [.e.s.config.core.Configuration:88   ] - Setting value (Integer) 60 to field 'interval' in configuration class org.openhab.binding.astro.internal.config.AstroThingConfig
2015-08-24 08:04:54 [DEBUG] [.b.a.handler.AstroThingHandler:89   ] - AstroThingConfig[thing=astro:sun:home,geolocation=52.5200066,13.4049540,interval=60,systemTimezone=Europe/Berlin (CET +0200),daylightSavings=true]
2015-08-24 08:04:54 [DEBUG] [.c.thing.internal.ThingManager:84   ] - Thing handler for thing 'astro:sun:home' added.
2015-08-24 08:04:54 [DEBUG] [.c.thing.internal.ThingManager:252  ] - Assigning handler for thing 'astro:sun:home'.
2015-08-24 08:04:54 [INFO ] [.e.s.m.c.i.ModelRepositoryImpl:86   ] - Loading model 'demo.items'
2015-08-24 08:04:54 [DEBUG] [.e.s.m.i.i.GenericItemProvider:151  ] - Processing binding configs for items from model 'demo.items'
2015-08-24 08:04:54 [DEBUG] [.e.s.m.i.i.GenericItemProvider:130  ] - Read items from model 'demo.items'
2015-08-24 08:04:56 [INFO ] [.b.a.handler.AstroThingHandler:178  ] - Scheduled astro DailyJob at midnight for thing astro:sun:home
2015-08-24 08:04:56 [INFO ] [.b.a.handler.AstroThingHandler:193  ] - Scheduled astro PositionalJob with interval of 60 seconds for thing astro:sun:home
2015-08-24 08:04:56 [DEBUG] [a.internal.job.AbstractBaseJob:32   ] - Starting astro DailyJob for thing astro:sun:home
2015-08-24 08:04:56 [DEBUG] [.b.a.handler.AstroThingHandler:131  ] - Publishing planet Sun for thing astro:sun:home
2015-08-24 08:04:58 [DEBUG] [.m.r.r.i.engine.RuleEngineImpl:267  ] - Executing startup rule 'Initialize light states'
2015-08-24 08:04:58 [DEBUG] [.m.r.r.i.engine.RuleEngineImpl:295  ] - Executing rule 'Records last weather update time'
2015-08-24 08:05:00 [DEBUG] [i.t.m.internal.MDNSServiceImpl:49   ] - Registering new service _openhab-server-ssl._tcp.local. at port 8443
2015-08-24 08:05:02 [DEBUG] [.m.r.r.i.engine.ExecuteRuleJob:58   ] - Executing scheduled rule 'Set random room temperatures'
2015-08-24 08:05:02 [DEBUG] [.m.r.r.i.engine.RuleEngineImpl:295  ] - Executing rule 'Update max and min temperatures'
2015-08-24 08:05:02 [DEBUG] [.m.r.r.i.engine.RuleEngineImpl:267  ] - Executing startup rule 'Initialize heating states'
2015-08-24 08:05:02 [DEBUG] [.m.r.r.i.engine.RuleEngineImpl:267  ] - Executing startup rule 'Initialize contact states'
2015-08-24 08:05:02 [WARN ] [.s.m.p.e.PersistenceExtensions:408  ] - There is no queryable persistence service registered with the name 'rrd4j'
2015-08-24 08:05:02 [WARN ] [.s.m.p.e.PersistenceExtensions:408  ] - There is no queryable persistence service registered with the name 'rrd4j'
2015-08-24 08:05:02 [DEBUG] [.m.r.r.i.engine.RuleEngineImpl:267  ] - Executing startup rule 'Initialize Location'
2015-08-24 08:05:02 [DEBUG] [.m.r.r.i.engine.RuleEngineImpl:267  ] - Executing startup rule 'Set random room temperatures'
2015-08-24 08:05:02 [DEBUG] [.m.r.r.i.engine.RuleEngineImpl:267  ] - Executing startup rule 'Update max and min temperatures'
2015-08-24 08:05:02 [WARN ] [.s.m.p.e.PersistenceExtensions:408  ] - There is no queryable persistence service registered with the name 'rrd4j'
2015-08-24 08:05:02 [WARN ] [.s.m.p.e.PersistenceExtensions:408  ] - There is no queryable persistence service registered with the name 'rrd4j'
2015-08-24 08:05:41 [INFO ] [ui.internal.servlet.PaperUIApp:39   ] - Stopped Paper UI
2015-08-24 08:05:41 [INFO ] [.u.d.internal.DashboardService:63   ] - Stopped dashboard
2015-08-24 08:05:41 [INFO ] [.s.u.c.i.servlet.WebAppServlet:103  ] - Stopped Classic UI
